

[2025-05-16 11:01:07]
Arquivo: C:\xampp\htdocs\exemplo-crud-pooo\src\Services\FabricanteServico.php
Linha: 33
Mensagem: SQLSTATE[42S02]: Base table or view not found: 1146 Table 'vendas.fabricante' doesn't exist

[2025-05-16 11:01:07]
Arquivo: C:\xampp\htdocs\exemplo-crud-pooo\src\Services\FabricanteServico.php
Linha: 39
Mensagem: Erro ao carregar fabricantes: 

[2025-05-16 11:06:55]
Arquivo: C:\xampp\htdocs\exemplo-crud-pooo\src\Services\FabricanteServico.php
Linha: 33
Mensagem: SQLSTATE[42S02]: Base table or view not found: 1146 Table 'vendas.fabricante' doesn't exist

[2025-05-16 11:06:55]
Arquivo: C:\xampp\htdocs\exemplo-crud-pooo\src\Services\FabricanteServico.php
Linha: 39
Mensagem: Erro ao carregar fabricantes: 

[2025-05-16 11:06:57]
Arquivo: C:\xampp\htdocs\exemplo-crud-pooo\src\Services\FabricanteServico.php
Linha: 33
Mensagem: SQLSTATE[42S02]: Base table or view not found: 1146 Table 'vendas.fabricante' doesn't exist

[2025-05-16 11:06:57]
Arquivo: C:\xampp\htdocs\exemplo-crud-pooo\src\Services\FabricanteServico.php
Linha: 39
Mensagem: Erro ao carregar fabricantes: 

